<?xml version="1.0" encoding="UTF-8"?>
<!-- Generated by org.testng.reporters.JUnitXMLReporter -->
<testsuite ignored="0" hostname="LAPTOP-8S5CRRGR" failures="0" tests="1" name="Test" time="0.13" errors="0" timestamp="2025-09-09T21:32:09 IST">
  <testcase classname="TestBase.BaseClass" name="@BeforeClass setUp" time="-1.757433729015E9">
    <failure type="org.testng.TestNGException" message="
Parameter &amp;apos;browser&amp;apos; is required by BeforeClass on method setUp but has not been marked @Optional or defined
in C:\Users\mdjab\OneDrive\Documents\Telegram Desktop\selenium\hybrid\Hybrid_Framework\testng.xml">
      <![CDATA[org.testng.TestNGException: 
Parameter 'browser' is required by BeforeClass on method setUp but has not been marked @Optional or defined
in C:\Users\mdjab\OneDrive\Documents\Telegram Desktop\selenium\hybrid\Hybrid_Framework\testng.xml
at java.base/java.util.ArrayList.forEach(ArrayList.java:1511)
... Removed 22 stack frames]]>
    </failure>
  </testcase> <!-- @BeforeClass setUp -->
  <testcase classname="TestBase.BaseClass" name="@AfterClass tearDown" time="0.0">
    <skipped/>
  </testcase> <!-- @AfterClass tearDown -->
  <testcase classname="TestCase.TC001_AccRegTest" name="verify_Acc_Registration" time="0.0">
    <skipped/>
  </testcase> <!-- verify_Acc_Registration -->
</testsuite> <!-- Test -->
